2026-06-09 09:24:51.881 [restartedMain] INFO  p.JobMatchingAndRecruitmentSystemApplication - Starting JobMatchingAndRecruitmentSystemApplication using Java 21.0.9 with PID 23104 (D:\HOC_LAP_TRINH\JavaWebService\Job_Matching_and_Recruitment_System\build\classes\java\main started by HUY HOAN in D:\HOC_LAP_TRINH\JavaWebService\Job_Matching_and_Recruitment_System)
2026-06-09 09:24:51.883 [restartedMain] INFO  p.JobMatchingAndRecruitmentSystemApplication - No active profile set, falling back to 1 default profile: "default"
2026-06-09 09:48:01.241 [restartedMain] INFO  p.JobMatchingAndRecruitmentSystemApplication - Starting JobMatchingAndRecruitmentSystemApplication using Java 21.0.9 with PID 24376 (D:\HOC_LAP_TRINH\JavaWebService\Job_Matching_and_Recruitment_System\build\classes\java\main started by HUY HOAN in D:\HOC_LAP_TRINH\JavaWebService\Job_Matching_and_Recruitment_System)
2026-06-09 09:48:01.242 [restartedMain] INFO  p.JobMatchingAndRecruitmentSystemApplication - No active profile set, falling back to 1 default profile: "default"
2026-06-09 09:52:39.558 [restartedMain] INFO  p.JobMatchingAndRecruitmentSystemApplication - Starting JobMatchingAndRecruitmentSystemApplication using Java 21.0.9 with PID 33956 (D:\HOC_LAP_TRINH\JavaWebService\Job_Matching_and_Recruitment_System\build\classes\java\main started by HUY HOAN in D:\HOC_LAP_TRINH\JavaWebService\Job_Matching_and_Recruitment_System)
2026-06-09 09:52:39.561 [restartedMain] INFO  p.JobMatchingAndRecruitmentSystemApplication - No active profile set, falling back to 1 default profile: "default"
2026-06-09 09:53:16.020 [restartedMain] INFO  p.JobMatchingAndRecruitmentSystemApplication - Starting JobMatchingAndRecruitmentSystemApplication using Java 21.0.9 with PID 5676 (D:\HOC_LAP_TRINH\JavaWebService\Job_Matching_and_Recruitment_System\build\classes\java\main started by HUY HOAN in D:\HOC_LAP_TRINH\JavaWebService\Job_Matching_and_Recruitment_System)
2026-06-09 09:53:16.022 [restartedMain] INFO  p.JobMatchingAndRecruitmentSystemApplication - No active profile set, falling back to 1 default profile: "default"
2026-06-09 09:55:38.263 [restartedMain] INFO  p.JobMatchingAndRecruitmentSystemApplication - Starting JobMatchingAndRecruitmentSystemApplication using Java 21.0.9 with PID 4688 (D:\HOC_LAP_TRINH\JavaWebService\Job_Matching_and_Recruitment_System\build\classes\java\main started by HUY HOAN in D:\HOC_LAP_TRINH\JavaWebService\Job_Matching_and_Recruitment_System)
2026-06-09 09:55:38.265 [restartedMain] INFO  p.JobMatchingAndRecruitmentSystemApplication - No active profile set, falling back to 1 default profile: "default"
2026-06-09 09:55:43.151 [restartedMain] INFO  p.JobMatchingAndRecruitmentSystemApplication - Starting JobMatchingAndRecruitmentSystemApplication using Java 21.0.9 with PID 10712 (D:\HOC_LAP_TRINH\JavaWebService\Job_Matching_and_Recruitment_System\build\classes\java\main started by HUY HOAN in D:\HOC_LAP_TRINH\JavaWebService\Job_Matching_and_Recruitment_System)
2026-06-09 09:55:43.154 [restartedMain] INFO  p.JobMatchingAndRecruitmentSystemApplication - No active profile set, falling back to 1 default profile: "default"
2026-06-09 09:56:51.825 [restartedMain] INFO  p.JobMatchingAndRecruitmentSystemApplication - Starting JobMatchingAndRecruitmentSystemApplication using Java 21.0.9 with PID 28032 (D:\HOC_LAP_TRINH\JavaWebService\Job_Matching_and_Recruitment_System\build\classes\java\main started by HUY HOAN in D:\HOC_LAP_TRINH\JavaWebService\Job_Matching_and_Recruitment_System)
2026-06-09 09:56:51.827 [restartedMain] INFO  p.JobMatchingAndRecruitmentSystemApplication - No active profile set, falling back to 1 default profile: "default"
2026-06-09 09:57:58.015 [restartedMain] INFO  p.JobMatchingAndRecruitmentSystemApplication - Starting JobMatchingAndRecruitmentSystemApplication using Java 21.0.9 with PID 17844 (D:\HOC_LAP_TRINH\JavaWebService\Job_Matching_and_Recruitment_System\build\classes\java\main started by HUY HOAN in D:\HOC_LAP_TRINH\JavaWebService\Job_Matching_and_Recruitment_System)
2026-06-09 09:57:58.017 [restartedMain] INFO  p.JobMatchingAndRecruitmentSystemApplication - No active profile set, falling back to 1 default profile: "default"
2026-06-09 09:58:36.869 [restartedMain] INFO  p.JobMatchingAndRecruitmentSystemApplication - Starting JobMatchingAndRecruitmentSystemApplication using Java 21.0.9 with PID 31228 (D:\HOC_LAP_TRINH\JavaWebService\Job_Matching_and_Recruitment_System\build\classes\java\main started by HUY HOAN in D:\HOC_LAP_TRINH\JavaWebService\Job_Matching_and_Recruitment_System)
2026-06-09 09:58:36.870 [restartedMain] INFO  p.JobMatchingAndRecruitmentSystemApplication - No active profile set, falling back to 1 default profile: "default"
2026-06-09 10:01:40.817 [restartedMain] INFO  p.JobMatchingAndRecruitmentSystemApplication - Starting JobMatchingAndRecruitmentSystemApplication using Java 21.0.9 with PID 5996 (D:\HOC_LAP_TRINH\JavaWebService\Job_Matching_and_Recruitment_System\build\classes\java\main started by HUY HOAN in D:\HOC_LAP_TRINH\JavaWebService\Job_Matching_and_Recruitment_System)
2026-06-09 10:01:40.819 [restartedMain] INFO  p.JobMatchingAndRecruitmentSystemApplication - No active profile set, falling back to 1 default profile: "default"
2026-06-09 12:20:30.810 [restartedMain] INFO  p.JobMatchingAndRecruitmentSystemApplication - Starting JobMatchingAndRecruitmentSystemApplication using Java 21.0.9 with PID 5248 (D:\HOC_LAP_TRINH\JavaWebService\Job_Matching_and_Recruitment_System\build\classes\java\main started by HUY HOAN in D:\HOC_LAP_TRINH\JavaWebService\Job_Matching_and_Recruitment_System)
2026-06-09 12:20:30.824 [restartedMain] INFO  p.JobMatchingAndRecruitmentSystemApplication - No active profile set, falling back to 1 default profile: "default"
2026-06-09 12:25:17.233 [restartedMain] INFO  p.JobMatchingAndRecruitmentSystemApplication - Starting JobMatchingAndRecruitmentSystemApplication using Java 21.0.9 with PID 37584 (D:\HOC_LAP_TRINH\JavaWebService\Job_Matching_and_Recruitment_System\build\classes\java\main started by HUY HOAN in D:\HOC_LAP_TRINH\JavaWebService\Job_Matching_and_Recruitment_System)
2026-06-09 12:25:17.236 [restartedMain] INFO  p.JobMatchingAndRecruitmentSystemApplication - No active profile set, falling back to 1 default profile: "default"
2026-06-09 12:25:20.301 [restartedMain] INFO  com.zaxxer.hikari.HikariDataSource - HikariPool-1 - Starting...
2026-06-09 12:25:20.902 [restartedMain] INFO  com.zaxxer.hikari.pool.HikariPool - HikariPool-1 - Added connection com.mysql.cj.jdbc.ConnectionImpl@528639f9
2026-06-09 12:25:20.904 [restartedMain] INFO  com.zaxxer.hikari.HikariDataSource - HikariPool-1 - Start completed.
2026-06-09 12:25:25.238 [restartedMain] INFO  p.JobMatchingAndRecruitmentSystemApplication - Started JobMatchingAndRecruitmentSystemApplication in 8.635 seconds (process running for 9.475)
2026-06-09 12:34:56.445 [Thread-1] INFO  com.zaxxer.hikari.HikariDataSource - HikariPool-1 - Shutdown initiated...
2026-06-09 12:34:56.459 [Thread-1] INFO  com.zaxxer.hikari.HikariDataSource - HikariPool-1 - Shutdown completed.
2026-06-09 12:34:56.614 [restartedMain] INFO  p.JobMatchingAndRecruitmentSystemApplication - Starting JobMatchingAndRecruitmentSystemApplication using Java 21.0.9 with PID 37584 (D:\HOC_LAP_TRINH\JavaWebService\Job_Matching_and_Recruitment_System\build\classes\java\main started by HUY HOAN in D:\HOC_LAP_TRINH\JavaWebService\Job_Matching_and_Recruitment_System)
2026-06-09 12:34:56.614 [restartedMain] INFO  p.JobMatchingAndRecruitmentSystemApplication - No active profile set, falling back to 1 default profile: "default"
2026-06-09 12:34:57.273 [restartedMain] INFO  com.zaxxer.hikari.HikariDataSource - HikariPool-2 - Starting...
2026-06-09 12:34:57.296 [restartedMain] INFO  com.zaxxer.hikari.pool.HikariPool - HikariPool-2 - Added connection com.mysql.cj.jdbc.ConnectionImpl@34774d0b
2026-06-09 12:34:57.297 [restartedMain] INFO  com.zaxxer.hikari.HikariDataSource - HikariPool-2 - Start completed.
2026-06-09 12:34:58.127 [restartedMain] INFO  p.JobMatchingAndRecruitmentSystemApplication - Started JobMatchingAndRecruitmentSystemApplication in 1.575 seconds (process running for 582.364)
2026-06-09 12:34:59.511 [Thread-5] INFO  com.zaxxer.hikari.HikariDataSource - HikariPool-2 - Shutdown initiated...
2026-06-09 12:34:59.516 [Thread-5] INFO  com.zaxxer.hikari.HikariDataSource - HikariPool-2 - Shutdown completed.
2026-06-09 12:34:59.603 [restartedMain] INFO  p.JobMatchingAndRecruitmentSystemApplication - Starting JobMatchingAndRecruitmentSystemApplication using Java 21.0.9 with PID 37584 (D:\HOC_LAP_TRINH\JavaWebService\Job_Matching_and_Recruitment_System\build\classes\java\main started by HUY HOAN in D:\HOC_LAP_TRINH\JavaWebService\Job_Matching_and_Recruitment_System)
2026-06-09 12:34:59.604 [restartedMain] INFO  p.JobMatchingAndRecruitmentSystemApplication - No active profile set, falling back to 1 default profile: "default"
2026-06-09 12:35:00.024 [restartedMain] INFO  com.zaxxer.hikari.HikariDataSource - HikariPool-3 - Starting...
2026-06-09 12:35:00.042 [restartedMain] INFO  com.zaxxer.hikari.pool.HikariPool - HikariPool-3 - Added connection com.mysql.cj.jdbc.ConnectionImpl@3a1b040e
2026-06-09 12:35:00.042 [restartedMain] INFO  com.zaxxer.hikari.HikariDataSource - HikariPool-3 - Start completed.
2026-06-09 12:35:00.700 [restartedMain] INFO  p.JobMatchingAndRecruitmentSystemApplication - Started JobMatchingAndRecruitmentSystemApplication in 1.128 seconds (process running for 584.937)
2026-06-09 12:35:59.961 [Thread-9] INFO  com.zaxxer.hikari.HikariDataSource - HikariPool-3 - Shutdown initiated...
2026-06-09 12:35:59.969 [Thread-9] INFO  com.zaxxer.hikari.HikariDataSource - HikariPool-3 - Shutdown completed.
2026-06-09 12:36:00.103 [restartedMain] INFO  p.JobMatchingAndRecruitmentSystemApplication - Starting JobMatchingAndRecruitmentSystemApplication using Java 21.0.9 with PID 37584 (D:\HOC_LAP_TRINH\JavaWebService\Job_Matching_and_Recruitment_System\build\classes\java\main started by HUY HOAN in D:\HOC_LAP_TRINH\JavaWebService\Job_Matching_and_Recruitment_System)
2026-06-09 12:36:00.103 [restartedMain] INFO  p.JobMatchingAndRecruitmentSystemApplication - No active profile set, falling back to 1 default profile: "default"
2026-06-09 12:36:01.959 [restartedMain] INFO  p.JobMatchingAndRecruitmentSystemApplication - Starting JobMatchingAndRecruitmentSystemApplication using Java 21.0.9 with PID 37584 (D:\HOC_LAP_TRINH\JavaWebService\Job_Matching_and_Recruitment_System\build\classes\java\main started by HUY HOAN in D:\HOC_LAP_TRINH\JavaWebService\Job_Matching_and_Recruitment_System)
2026-06-09 12:36:01.959 [restartedMain] INFO  p.JobMatchingAndRecruitmentSystemApplication - No active profile set, falling back to 1 default profile: "default"
2026-06-09 12:36:02.382 [restartedMain] INFO  com.zaxxer.hikari.HikariDataSource - HikariPool-4 - Starting...
2026-06-09 12:36:02.400 [restartedMain] INFO  com.zaxxer.hikari.pool.HikariPool - HikariPool-4 - Added connection com.mysql.cj.jdbc.ConnectionImpl@29af776f
2026-06-09 12:36:02.400 [restartedMain] INFO  com.zaxxer.hikari.HikariDataSource - HikariPool-4 - Start completed.
2026-06-09 12:36:03.283 [restartedMain] INFO  p.JobMatchingAndRecruitmentSystemApplication - Started JobMatchingAndRecruitmentSystemApplication in 1.361 seconds (process running for 647.52)
2026-06-09 12:37:14.673 [SpringApplicationShutdownHook] INFO  com.zaxxer.hikari.HikariDataSource - HikariPool-4 - Shutdown initiated...
2026-06-09 12:37:14.677 [SpringApplicationShutdownHook] INFO  com.zaxxer.hikari.HikariDataSource - HikariPool-4 - Shutdown completed.
2026-06-09 12:37:17.607 [restartedMain] INFO  p.JobMatchingAndRecruitmentSystemApplication - Starting JobMatchingAndRecruitmentSystemApplication using Java 21.0.9 with PID 35672 (D:\HOC_LAP_TRINH\JavaWebService\Job_Matching_and_Recruitment_System\build\classes\java\main started by HUY HOAN in D:\HOC_LAP_TRINH\JavaWebService\Job_Matching_and_Recruitment_System)
2026-06-09 12:37:17.611 [restartedMain] INFO  p.JobMatchingAndRecruitmentSystemApplication - No active profile set, falling back to 1 default profile: "default"
2026-06-09 12:37:20.420 [restartedMain] INFO  com.zaxxer.hikari.HikariDataSource - HikariPool-1 - Starting...
2026-06-09 12:37:20.968 [restartedMain] INFO  com.zaxxer.hikari.pool.HikariPool - HikariPool-1 - Added connection com.mysql.cj.jdbc.ConnectionImpl@55a39ef4
2026-06-09 12:37:20.970 [restartedMain] INFO  com.zaxxer.hikari.HikariDataSource - HikariPool-1 - Start completed.
2026-06-09 12:37:24.170 [restartedMain] INFO  p.JobMatchingAndRecruitmentSystemApplication - Started JobMatchingAndRecruitmentSystemApplication in 7.259 seconds (process running for 8.289)
2026-06-09 12:37:25.050 [SpringApplicationShutdownHook] INFO  com.zaxxer.hikari.HikariDataSource - HikariPool-1 - Shutdown initiated...
2026-06-09 12:37:25.062 [SpringApplicationShutdownHook] INFO  com.zaxxer.hikari.HikariDataSource - HikariPool-1 - Shutdown completed.
2026-06-09 12:37:27.791 [restartedMain] INFO  p.JobMatchingAndRecruitmentSystemApplication - Starting JobMatchingAndRecruitmentSystemApplication using Java 21.0.9 with PID 34032 (D:\HOC_LAP_TRINH\JavaWebService\Job_Matching_and_Recruitment_System\build\classes\java\main started by HUY HOAN in D:\HOC_LAP_TRINH\JavaWebService\Job_Matching_and_Recruitment_System)
2026-06-09 12:37:27.793 [restartedMain] INFO  p.JobMatchingAndRecruitmentSystemApplication - No active profile set, falling back to 1 default profile: "default"
2026-06-09 12:37:31.197 [restartedMain] INFO  com.zaxxer.hikari.HikariDataSource - HikariPool-1 - Starting...
2026-06-09 12:37:32.108 [restartedMain] INFO  com.zaxxer.hikari.pool.HikariPool - HikariPool-1 - Added connection com.mysql.cj.jdbc.ConnectionImpl@53b30286
2026-06-09 12:37:32.112 [restartedMain] INFO  com.zaxxer.hikari.HikariDataSource - HikariPool-1 - Start completed.
2026-06-09 12:37:36.867 [restartedMain] INFO  p.JobMatchingAndRecruitmentSystemApplication - Started JobMatchingAndRecruitmentSystemApplication in 9.699 seconds (process running for 10.622)
2026-06-09 12:41:31.373 [Thread-1] INFO  com.zaxxer.hikari.HikariDataSource - HikariPool-1 - Shutdown initiated...
2026-06-09 12:41:31.396 [Thread-1] INFO  com.zaxxer.hikari.HikariDataSource - HikariPool-1 - Shutdown completed.
2026-06-09 12:41:31.638 [restartedMain] INFO  p.JobMatchingAndRecruitmentSystemApplication - Starting JobMatchingAndRecruitmentSystemApplication using Java 21.0.9 with PID 34032 (D:\HOC_LAP_TRINH\JavaWebService\Job_Matching_and_Recruitment_System\build\classes\java\main started by HUY HOAN in D:\HOC_LAP_TRINH\JavaWebService\Job_Matching_and_Recruitment_System)
2026-06-09 12:41:31.639 [restartedMain] INFO  p.JobMatchingAndRecruitmentSystemApplication - No active profile set, falling back to 1 default profile: "default"
2026-06-09 12:41:32.317 [restartedMain] INFO  com.zaxxer.hikari.HikariDataSource - HikariPool-2 - Starting...
2026-06-09 12:41:32.342 [restartedMain] INFO  com.zaxxer.hikari.pool.HikariPool - HikariPool-2 - Added connection com.mysql.cj.jdbc.ConnectionImpl@53b6a9d7
2026-06-09 12:41:32.342 [restartedMain] INFO  com.zaxxer.hikari.HikariDataSource - HikariPool-2 - Start completed.
2026-06-09 12:41:32.641 [restartedMain] INFO  com.zaxxer.hikari.HikariDataSource - HikariPool-2 - Shutdown initiated...
2026-06-09 12:41:32.670 [restartedMain] INFO  com.zaxxer.hikari.HikariDataSource - HikariPool-2 - Shutdown completed.
2026-06-09 12:41:34.176 [restartedMain] INFO  p.JobMatchingAndRecruitmentSystemApplication - Starting JobMatchingAndRecruitmentSystemApplication using Java 21.0.9 with PID 34032 (D:\HOC_LAP_TRINH\JavaWebService\Job_Matching_and_Recruitment_System\build\classes\java\main started by HUY HOAN in D:\HOC_LAP_TRINH\JavaWebService\Job_Matching_and_Recruitment_System)
2026-06-09 12:41:34.176 [restartedMain] INFO  p.JobMatchingAndRecruitmentSystemApplication - No active profile set, falling back to 1 default profile: "default"
2026-06-09 12:41:34.592 [restartedMain] INFO  com.zaxxer.hikari.HikariDataSource - HikariPool-3 - Starting...
2026-06-09 12:41:34.614 [restartedMain] INFO  com.zaxxer.hikari.pool.HikariPool - HikariPool-3 - Added connection com.mysql.cj.jdbc.ConnectionImpl@64d087ba
2026-06-09 12:41:34.614 [restartedMain] INFO  com.zaxxer.hikari.HikariDataSource - HikariPool-3 - Start completed.
2026-06-09 12:41:35.363 [restartedMain] INFO  p.JobMatchingAndRecruitmentSystemApplication - Started JobMatchingAndRecruitmentSystemApplication in 1.231 seconds (process running for 249.118)
2026-06-09 12:42:22.699 [Thread-5] INFO  com.zaxxer.hikari.HikariDataSource - HikariPool-3 - Shutdown initiated...
2026-06-09 12:42:22.716 [Thread-5] INFO  com.zaxxer.hikari.HikariDataSource - HikariPool-3 - Shutdown completed.
2026-06-09 12:42:23.168 [restartedMain] INFO  p.JobMatchingAndRecruitmentSystemApplication - Starting JobMatchingAndRecruitmentSystemApplication using Java 21.0.9 with PID 34032 (D:\HOC_LAP_TRINH\JavaWebService\Job_Matching_and_Recruitment_System\build\classes\java\main started by HUY HOAN in D:\HOC_LAP_TRINH\JavaWebService\Job_Matching_and_Recruitment_System)
2026-06-09 12:42:23.168 [restartedMain] INFO  p.JobMatchingAndRecruitmentSystemApplication - No active profile set, falling back to 1 default profile: "default"
2026-06-09 12:42:26.244 [restartedMain] INFO  com.zaxxer.hikari.HikariDataSource - HikariPool-4 - Starting...
2026-06-09 12:42:26.288 [restartedMain] INFO  com.zaxxer.hikari.pool.HikariPool - HikariPool-4 - Added connection com.mysql.cj.jdbc.ConnectionImpl@51bec0dd
2026-06-09 12:42:26.289 [restartedMain] INFO  com.zaxxer.hikari.HikariDataSource - HikariPool-4 - Start completed.
2026-06-09 12:42:28.707 [restartedMain] INFO  com.zaxxer.hikari.HikariDataSource - HikariPool-4 - Shutdown initiated...
2026-06-09 12:42:28.847 [restartedMain] INFO  com.zaxxer.hikari.HikariDataSource - HikariPool-4 - Shutdown completed.
2026-06-09 12:45:56.877 [restartedMain] INFO  p.JobMatchingAndRecruitmentSystemApplication - Starting JobMatchingAndRecruitmentSystemApplication using Java 21.0.9 with PID 2832 (D:\HOC_LAP_TRINH\JavaWebService\Job_Matching_and_Recruitment_System\build\classes\java\main started by HUY HOAN in D:\HOC_LAP_TRINH\JavaWebService\Job_Matching_and_Recruitment_System)
2026-06-09 12:45:56.880 [restartedMain] INFO  p.JobMatchingAndRecruitmentSystemApplication - No active profile set, falling back to 1 default profile: "default"
2026-06-09 12:46:01.158 [restartedMain] INFO  com.zaxxer.hikari.HikariDataSource - HikariPool-1 - Starting...
2026-06-09 12:46:01.732 [restartedMain] INFO  com.zaxxer.hikari.pool.HikariPool - HikariPool-1 - Added connection com.mysql.cj.jdbc.ConnectionImpl@797cf404
2026-06-09 12:46:01.734 [restartedMain] INFO  com.zaxxer.hikari.HikariDataSource - HikariPool-1 - Start completed.
2026-06-09 12:46:07.718 [restartedMain] INFO  p.JobMatchingAndRecruitmentSystemApplication - Started JobMatchingAndRecruitmentSystemApplication in 11.509 seconds (process running for 12.432)
2026-06-09 12:47:16.465 [http-nio-8080-exec-3] INFO  project.service.impl.UserServiceImpl - Sai email hoặc password !
2026-06-09 12:50:12.134 [SpringApplicationShutdownHook] INFO  com.zaxxer.hikari.HikariDataSource - HikariPool-1 - Shutdown initiated...
2026-06-09 12:50:12.146 [SpringApplicationShutdownHook] INFO  com.zaxxer.hikari.HikariDataSource - HikariPool-1 - Shutdown completed.
2026-06-09 13:36:53.408 [restartedMain] INFO  p.JobMatchingAndRecruitmentSystemApplication - Starting JobMatchingAndRecruitmentSystemApplication using Java 21.0.9 with PID 2172 (D:\HOC_LAP_TRINH\JavaWebService\Job_Matching_and_Recruitment_System\build\classes\java\main started by HUY HOAN in D:\HOC_LAP_TRINH\JavaWebService\Job_Matching_and_Recruitment_System)
2026-06-09 13:36:53.410 [restartedMain] INFO  p.JobMatchingAndRecruitmentSystemApplication - No active profile set, falling back to 1 default profile: "default"
2026-06-09 13:36:55.077 [restartedMain] INFO  com.zaxxer.hikari.HikariDataSource - HikariPool-1 - Starting...
2026-06-09 13:36:55.379 [restartedMain] INFO  com.zaxxer.hikari.pool.HikariPool - HikariPool-1 - Added connection com.mysql.cj.jdbc.ConnectionImpl@56f3019a
2026-06-09 13:36:55.381 [restartedMain] INFO  com.zaxxer.hikari.HikariDataSource - HikariPool-1 - Start completed.
2026-06-09 13:36:57.421 [restartedMain] INFO  p.JobMatchingAndRecruitmentSystemApplication - Started JobMatchingAndRecruitmentSystemApplication in 4.365 seconds (process running for 4.83)
2026-06-09 13:38:04.151 [http-nio-8080-exec-1] INFO  project.service.impl.UserServiceImpl - User example@gmail.com đã đăng xuất thành công và vô hiệu hóa Token.
2026-06-09 13:40:43.644 [SpringApplicationShutdownHook] INFO  com.zaxxer.hikari.HikariDataSource - HikariPool-1 - Shutdown initiated...
2026-06-09 13:40:43.653 [SpringApplicationShutdownHook] INFO  com.zaxxer.hikari.HikariDataSource - HikariPool-1 - Shutdown completed.
2026-06-09 13:43:17.418 [restartedMain] INFO  p.JobMatchingAndRecruitmentSystemApplication - Starting JobMatchingAndRecruitmentSystemApplication using Java 21.0.9 with PID 29244 (D:\HOC_LAP_TRINH\JavaWebService\Job_Matching_and_Recruitment_System\build\classes\java\main started by HUY HOAN in D:\HOC_LAP_TRINH\JavaWebService\Job_Matching_and_Recruitment_System)
2026-06-09 13:43:17.420 [restartedMain] INFO  p.JobMatchingAndRecruitmentSystemApplication - No active profile set, falling back to 1 default profile: "default"
2026-06-09 13:43:18.904 [restartedMain] INFO  com.zaxxer.hikari.HikariDataSource - HikariPool-1 - Starting...
2026-06-09 13:43:19.124 [restartedMain] INFO  com.zaxxer.hikari.pool.HikariPool - HikariPool-1 - Added connection com.mysql.cj.jdbc.ConnectionImpl@188b06b6
2026-06-09 13:43:19.125 [restartedMain] INFO  com.zaxxer.hikari.HikariDataSource - HikariPool-1 - Start completed.
2026-06-09 13:43:20.831 [restartedMain] INFO  p.JobMatchingAndRecruitmentSystemApplication - Started JobMatchingAndRecruitmentSystemApplication in 3.789 seconds (process running for 4.254)
2026-06-09 13:47:23.058 [SpringApplicationShutdownHook] INFO  com.zaxxer.hikari.HikariDataSource - HikariPool-1 - Shutdown initiated...
2026-06-09 13:47:23.061 [SpringApplicationShutdownHook] INFO  com.zaxxer.hikari.HikariDataSource - HikariPool-1 - Shutdown completed.
2026-06-09 13:54:01.750 [restartedMain] INFO  p.JobMatchingAndRecruitmentSystemApplication - Starting JobMatchingAndRecruitmentSystemApplication using Java 21.0.9 with PID 35308 (D:\HOC_LAP_TRINH\JavaWebService\Job_Matching_and_Recruitment_System\build\classes\java\main started by HUY HOAN in D:\HOC_LAP_TRINH\JavaWebService\Job_Matching_and_Recruitment_System)
2026-06-09 13:54:01.751 [restartedMain] INFO  p.JobMatchingAndRecruitmentSystemApplication - No active profile set, falling back to 1 default profile: "default"
2026-06-09 13:54:03.223 [restartedMain] INFO  com.zaxxer.hikari.HikariDataSource - HikariPool-1 - Starting...
2026-06-09 13:54:03.445 [restartedMain] INFO  com.zaxxer.hikari.pool.HikariPool - HikariPool-1 - Added connection com.mysql.cj.jdbc.ConnectionImpl@2a191da1
2026-06-09 13:54:03.446 [restartedMain] INFO  com.zaxxer.hikari.HikariDataSource - HikariPool-1 - Start completed.
2026-06-09 13:54:05.693 [restartedMain] INFO  p.JobMatchingAndRecruitmentSystemApplication - Started JobMatchingAndRecruitmentSystemApplication in 4.285 seconds (process running for 4.786)
2026-06-09 13:54:06.157 [restartedMain] INFO  project.utils.DataSeeding - Hệ thống chưa có tài khoản ADMIN mặc định. Tiến hành seeding dữ liệu...
2026-06-09 13:54:06.265 [restartedMain] INFO  project.utils.DataSeeding - ➔ Đã khởi tạo thành công tài khoản ADMIN mặc định: admin@gmail.com
2026-06-09 13:55:07.980 [SpringApplicationShutdownHook] INFO  com.zaxxer.hikari.HikariDataSource - HikariPool-1 - Shutdown initiated...
2026-06-09 13:55:07.984 [SpringApplicationShutdownHook] INFO  com.zaxxer.hikari.HikariDataSource - HikariPool-1 - Shutdown completed.
2026-06-09 23:14:08.736 [restartedMain] INFO  p.JobMatchingAndRecruitmentSystemApplication - Starting JobMatchingAndRecruitmentSystemApplication using Java 21.0.9 with PID 27752 (D:\HOC_LAP_TRINH\JavaWebService\Job_Matching_and_Recruitment_System\build\classes\java\main started by HUY HOAN in D:\HOC_LAP_TRINH\JavaWebService\Job_Matching_and_Recruitment_System)
2026-06-09 23:14:08.738 [restartedMain] INFO  p.JobMatchingAndRecruitmentSystemApplication - No active profile set, falling back to 1 default profile: "default"
2026-06-09 23:14:10.979 [restartedMain] INFO  com.zaxxer.hikari.HikariDataSource - HikariPool-1 - Starting...
2026-06-09 23:14:11.277 [restartedMain] INFO  com.zaxxer.hikari.pool.HikariPool - HikariPool-1 - Added connection com.mysql.cj.jdbc.ConnectionImpl@49e30fe1
2026-06-09 23:14:11.279 [restartedMain] INFO  com.zaxxer.hikari.HikariDataSource - HikariPool-1 - Start completed.
2026-06-09 23:14:13.302 [restartedMain] INFO  p.JobMatchingAndRecruitmentSystemApplication - Started JobMatchingAndRecruitmentSystemApplication in 4.991 seconds (process running for 5.584)
2026-06-09 23:14:13.701 [restartedMain] INFO  project.utils.DataSeeding - Tài khoản ADMIN mặc định [admin@gmail.com] đã tồn tại, bỏ qua bước khởi tạo.
2026-06-09 23:21:51.148 [Thread-1] INFO  com.zaxxer.hikari.HikariDataSource - HikariPool-1 - Shutdown initiated...
2026-06-09 23:21:51.153 [Thread-1] INFO  com.zaxxer.hikari.HikariDataSource - HikariPool-1 - Shutdown completed.
2026-06-09 23:21:51.228 [restartedMain] INFO  p.JobMatchingAndRecruitmentSystemApplication - Starting JobMatchingAndRecruitmentSystemApplication using Java 21.0.9 with PID 27752 (D:\HOC_LAP_TRINH\JavaWebService\Job_Matching_and_Recruitment_System\build\classes\java\main started by HUY HOAN in D:\HOC_LAP_TRINH\JavaWebService\Job_Matching_and_Recruitment_System)
2026-06-09 23:21:51.228 [restartedMain] INFO  p.JobMatchingAndRecruitmentSystemApplication - No active profile set, falling back to 1 default profile: "default"
2026-06-09 23:21:51.536 [restartedMain] INFO  com.zaxxer.hikari.HikariDataSource - HikariPool-2 - Starting...
2026-06-09 23:21:51.550 [restartedMain] INFO  com.zaxxer.hikari.pool.HikariPool - HikariPool-2 - Added connection com.mysql.cj.jdbc.ConnectionImpl@132c8f50
2026-06-09 23:21:51.551 [restartedMain] INFO  com.zaxxer.hikari.HikariDataSource - HikariPool-2 - Start completed.
2026-06-09 23:21:52.205 [restartedMain] INFO  p.JobMatchingAndRecruitmentSystemApplication - Started JobMatchingAndRecruitmentSystemApplication in 1.005 seconds (process running for 464.488)
2026-06-09 23:21:52.233 [restartedMain] INFO  project.utils.DataSeeding - Tài khoản ADMIN mặc định [admin@gmail.com] đã tồn tại, bỏ qua bước khởi tạo.
2026-06-09 23:26:10.188 [Thread-5] INFO  com.zaxxer.hikari.HikariDataSource - HikariPool-2 - Shutdown initiated...
2026-06-09 23:26:10.194 [Thread-5] INFO  com.zaxxer.hikari.HikariDataSource - HikariPool-2 - Shutdown completed.
2026-06-09 23:26:10.361 [restartedMain] INFO  p.JobMatchingAndRecruitmentSystemApplication - Starting JobMatchingAndRecruitmentSystemApplication using Java 21.0.9 with PID 27752 (D:\HOC_LAP_TRINH\JavaWebService\Job_Matching_and_Recruitment_System\build\classes\java\main started by HUY HOAN in D:\HOC_LAP_TRINH\JavaWebService\Job_Matching_and_Recruitment_System)
2026-06-09 23:26:10.361 [restartedMain] INFO  p.JobMatchingAndRecruitmentSystemApplication - No active profile set, falling back to 1 default profile: "default"
2026-06-09 23:26:11.206 [restartedMain] INFO  com.zaxxer.hikari.HikariDataSource - HikariPool-3 - Starting...
2026-06-09 23:26:11.232 [restartedMain] INFO  com.zaxxer.hikari.pool.HikariPool - HikariPool-3 - Added connection com.mysql.cj.jdbc.ConnectionImpl@3d2223c6
2026-06-09 23:26:11.232 [restartedMain] INFO  com.zaxxer.hikari.HikariDataSource - HikariPool-3 - Start completed.
2026-06-09 23:26:11.908 [restartedMain] INFO  p.JobMatchingAndRecruitmentSystemApplication - Started JobMatchingAndRecruitmentSystemApplication in 1.622 seconds (process running for 724.191)
2026-06-09 23:26:11.933 [restartedMain] INFO  project.utils.DataSeeding - Tài khoản ADMIN mặc định [admin@gmail.com] đã tồn tại, bỏ qua bước khởi tạo.
2026-06-09 23:26:13.329 [Thread-9] INFO  com.zaxxer.hikari.HikariDataSource - HikariPool-3 - Shutdown initiated...
2026-06-09 23:26:13.333 [Thread-9] INFO  com.zaxxer.hikari.HikariDataSource - HikariPool-3 - Shutdown completed.
2026-06-09 23:26:13.384 [restartedMain] INFO  p.JobMatchingAndRecruitmentSystemApplication - Starting JobMatchingAndRecruitmentSystemApplication using Java 21.0.9 with PID 27752 (D:\HOC_LAP_TRINH\JavaWebService\Job_Matching_and_Recruitment_System\build\classes\java\main started by HUY HOAN in D:\HOC_LAP_TRINH\JavaWebService\Job_Matching_and_Recruitment_System)
2026-06-09 23:26:13.384 [restartedMain] INFO  p.JobMatchingAndRecruitmentSystemApplication - No active profile set, falling back to 1 default profile: "default"
2026-06-09 23:26:13.609 [restartedMain] INFO  com.zaxxer.hikari.HikariDataSource - HikariPool-4 - Starting...
2026-06-09 23:26:13.619 [restartedMain] INFO  com.zaxxer.hikari.pool.HikariPool - HikariPool-4 - Added connection com.mysql.cj.jdbc.ConnectionImpl@16123353
2026-06-09 23:26:13.619 [restartedMain] INFO  com.zaxxer.hikari.HikariDataSource - HikariPool-4 - Start completed.
2026-06-09 23:26:13.984 [restartedMain] INFO  p.JobMatchingAndRecruitmentSystemApplication - Started JobMatchingAndRecruitmentSystemApplication in 0.615 seconds (process running for 726.267)
2026-06-09 23:26:14.007 [restartedMain] INFO  project.utils.DataSeeding - Tài khoản ADMIN mặc định [admin@gmail.com] đã tồn tại, bỏ qua bước khởi tạo.
2026-06-09 23:26:25.509 [Thread-13] INFO  com.zaxxer.hikari.HikariDataSource - HikariPool-4 - Shutdown initiated...
2026-06-09 23:26:25.526 [Thread-13] INFO  com.zaxxer.hikari.HikariDataSource - HikariPool-4 - Shutdown completed.
2026-06-09 23:26:25.640 [restartedMain] INFO  p.JobMatchingAndRecruitmentSystemApplication - Starting JobMatchingAndRecruitmentSystemApplication using Java 21.0.9 with PID 27752 (D:\HOC_LAP_TRINH\JavaWebService\Job_Matching_and_Recruitment_System\build\classes\java\main started by HUY HOAN in D:\HOC_LAP_TRINH\JavaWebService\Job_Matching_and_Recruitment_System)
2026-06-09 23:26:25.640 [restartedMain] INFO  p.JobMatchingAndRecruitmentSystemApplication - No active profile set, falling back to 1 default profile: "default"
2026-06-09 23:26:26.431 [restartedMain] INFO  com.zaxxer.hikari.HikariDataSource - HikariPool-5 - Starting...
2026-06-09 23:26:26.446 [restartedMain] INFO  com.zaxxer.hikari.pool.HikariPool - HikariPool-5 - Added connection com.mysql.cj.jdbc.ConnectionImpl@71ed3a6d
2026-06-09 23:26:26.447 [restartedMain] INFO  com.zaxxer.hikari.HikariDataSource - HikariPool-5 - Start completed.
2026-06-09 23:26:27.692 [restartedMain] INFO  p.JobMatchingAndRecruitmentSystemApplication - Started JobMatchingAndRecruitmentSystemApplication in 2.097 seconds (process running for 739.975)
2026-06-09 23:26:27.763 [restartedMain] INFO  project.utils.DataSeeding - Tài khoản ADMIN mặc định [admin@gmail.com] đã tồn tại, bỏ qua bước khởi tạo.
2026-06-09 23:26:29.107 [Thread-17] INFO  com.zaxxer.hikari.HikariDataSource - HikariPool-5 - Shutdown initiated...
2026-06-09 23:26:29.113 [Thread-17] INFO  com.zaxxer.hikari.HikariDataSource - HikariPool-5 - Shutdown completed.
2026-06-09 23:26:29.229 [restartedMain] INFO  p.JobMatchingAndRecruitmentSystemApplication - Starting JobMatchingAndRecruitmentSystemApplication using Java 21.0.9 with PID 27752 (D:\HOC_LAP_TRINH\JavaWebService\Job_Matching_and_Recruitment_System\build\classes\java\main started by HUY HOAN in D:\HOC_LAP_TRINH\JavaWebService\Job_Matching_and_Recruitment_System)
2026-06-09 23:26:29.229 [restartedMain] INFO  p.JobMatchingAndRecruitmentSystemApplication - No active profile set, falling back to 1 default profile: "default"
2026-06-09 23:26:29.912 [restartedMain] INFO  com.zaxxer.hikari.HikariDataSource - HikariPool-6 - Starting...
2026-06-09 23:26:29.929 [restartedMain] INFO  com.zaxxer.hikari.pool.HikariPool - HikariPool-6 - Added connection com.mysql.cj.jdbc.ConnectionImpl@6044cc82
2026-06-09 23:26:29.929 [restartedMain] INFO  com.zaxxer.hikari.HikariDataSource - HikariPool-6 - Start completed.
2026-06-09 23:26:31.115 [restartedMain] INFO  p.JobMatchingAndRecruitmentSystemApplication - Started JobMatchingAndRecruitmentSystemApplication in 1.94 seconds (process running for 743.398)
2026-06-09 23:26:31.176 [restartedMain] INFO  project.utils.DataSeeding - Tài khoản ADMIN mặc định [admin@gmail.com] đã tồn tại, bỏ qua bước khởi tạo.
2026-06-09 23:27:43.422 [Thread-21] INFO  com.zaxxer.hikari.HikariDataSource - HikariPool-6 - Shutdown initiated...
2026-06-09 23:27:43.429 [Thread-21] INFO  com.zaxxer.hikari.HikariDataSource - HikariPool-6 - Shutdown completed.
2026-06-09 23:27:43.556 [restartedMain] INFO  p.JobMatchingAndRecruitmentSystemApplication - Starting JobMatchingAndRecruitmentSystemApplication using Java 21.0.9 with PID 27752 (D:\HOC_LAP_TRINH\JavaWebService\Job_Matching_and_Recruitment_System\build\classes\java\main started by HUY HOAN in D:\HOC_LAP_TRINH\JavaWebService\Job_Matching_and_Recruitment_System)
2026-06-09 23:27:43.557 [restartedMain] INFO  p.JobMatchingAndRecruitmentSystemApplication - No active profile set, falling back to 1 default profile: "default"
2026-06-09 23:27:44.371 [restartedMain] INFO  com.zaxxer.hikari.HikariDataSource - HikariPool-7 - Starting...
2026-06-09 23:27:44.398 [restartedMain] INFO  com.zaxxer.hikari.pool.HikariPool - HikariPool-7 - Added connection com.mysql.cj.jdbc.ConnectionImpl@39f30204
2026-06-09 23:27:44.398 [restartedMain] INFO  com.zaxxer.hikari.HikariDataSource - HikariPool-7 - Start completed.
2026-06-09 23:27:45.199 [restartedMain] INFO  p.JobMatchingAndRecruitmentSystemApplication - Started JobMatchingAndRecruitmentSystemApplication in 1.688 seconds (process running for 817.482)
2026-06-09 23:27:45.225 [restartedMain] INFO  project.utils.DataSeeding - Tài khoản ADMIN mặc định [admin@gmail.com] đã tồn tại, bỏ qua bước khởi tạo.
2026-06-09 23:27:46.625 [Thread-25] INFO  com.zaxxer.hikari.HikariDataSource - HikariPool-7 - Shutdown initiated...
2026-06-09 23:27:46.630 [Thread-25] INFO  com.zaxxer.hikari.HikariDataSource - HikariPool-7 - Shutdown completed.
2026-06-09 23:27:46.690 [restartedMain] INFO  p.JobMatchingAndRecruitmentSystemApplication - Starting JobMatchingAndRecruitmentSystemApplication using Java 21.0.9 with PID 27752 (D:\HOC_LAP_TRINH\JavaWebService\Job_Matching_and_Recruitment_System\build\classes\java\main started by HUY HOAN in D:\HOC_LAP_TRINH\JavaWebService\Job_Matching_and_Recruitment_System)
2026-06-09 23:27:46.690 [restartedMain] INFO  p.JobMatchingAndRecruitmentSystemApplication - No active profile set, falling back to 1 default profile: "default"
2026-06-09 23:27:46.908 [restartedMain] INFO  com.zaxxer.hikari.HikariDataSource - HikariPool-8 - Starting...
2026-06-09 23:27:46.922 [restartedMain] INFO  com.zaxxer.hikari.pool.HikariPool - HikariPool-8 - Added connection com.mysql.cj.jdbc.ConnectionImpl@5eb74af7
2026-06-09 23:27:46.922 [restartedMain] INFO  com.zaxxer.hikari.HikariDataSource - HikariPool-8 - Start completed.
2026-06-09 23:27:47.302 [restartedMain] INFO  p.JobMatchingAndRecruitmentSystemApplication - Started JobMatchingAndRecruitmentSystemApplication in 0.626 seconds (process running for 819.585)
2026-06-09 23:27:47.328 [restartedMain] INFO  project.utils.DataSeeding - Tài khoản ADMIN mặc định [admin@gmail.com] đã tồn tại, bỏ qua bước khởi tạo.
2026-06-09 23:28:10.195 [Thread-29] INFO  com.zaxxer.hikari.HikariDataSource - HikariPool-8 - Shutdown initiated...
2026-06-09 23:28:10.200 [Thread-29] INFO  com.zaxxer.hikari.HikariDataSource - HikariPool-8 - Shutdown completed.
2026-06-09 23:28:10.276 [restartedMain] INFO  p.JobMatchingAndRecruitmentSystemApplication - Starting JobMatchingAndRecruitmentSystemApplication using Java 21.0.9 with PID 27752 (D:\HOC_LAP_TRINH\JavaWebService\Job_Matching_and_Recruitment_System\build\classes\java\main started by HUY HOAN in D:\HOC_LAP_TRINH\JavaWebService\Job_Matching_and_Recruitment_System)
2026-06-09 23:28:10.276 [restartedMain] INFO  p.JobMatchingAndRecruitmentSystemApplication - No active profile set, falling back to 1 default profile: "default"
2026-06-09 23:28:10.673 [restartedMain] INFO  com.zaxxer.hikari.HikariDataSource - HikariPool-9 - Starting...
2026-06-09 23:28:10.685 [restartedMain] INFO  com.zaxxer.hikari.pool.HikariPool - HikariPool-9 - Added connection com.mysql.cj.jdbc.ConnectionImpl@7d5cb3a9
2026-06-09 23:28:10.686 [restartedMain] INFO  com.zaxxer.hikari.HikariDataSource - HikariPool-9 - Start completed.
2026-06-09 23:28:11.177 [restartedMain] INFO  p.JobMatchingAndRecruitmentSystemApplication - Started JobMatchingAndRecruitmentSystemApplication in 0.932 seconds (process running for 843.46)
2026-06-09 23:28:11.205 [restartedMain] INFO  project.utils.DataSeeding - Tài khoản ADMIN mặc định [admin@gmail.com] đã tồn tại, bỏ qua bước khởi tạo.
2026-06-09 23:28:12.473 [http-nio-8080-exec-3] INFO  project.security.jwt.JWTProvider - Chuỗi jwt hết hạn
2026-06-09 23:28:13.599 [http-nio-8080-exec-2] INFO  project.security.jwt.JWTProvider - Chuỗi jwt hết hạn
2026-06-09 23:30:55.028 [Thread-33] INFO  com.zaxxer.hikari.HikariDataSource - HikariPool-9 - Shutdown initiated...
2026-06-09 23:30:55.032 [Thread-33] INFO  com.zaxxer.hikari.HikariDataSource - HikariPool-9 - Shutdown completed.
2026-06-09 23:30:55.101 [restartedMain] INFO  p.JobMatchingAndRecruitmentSystemApplication - Starting JobMatchingAndRecruitmentSystemApplication using Java 21.0.9 with PID 27752 (D:\HOC_LAP_TRINH\JavaWebService\Job_Matching_and_Recruitment_System\build\classes\java\main started by HUY HOAN in D:\HOC_LAP_TRINH\JavaWebService\Job_Matching_and_Recruitment_System)
2026-06-09 23:30:55.101 [restartedMain] INFO  p.JobMatchingAndRecruitmentSystemApplication - No active profile set, falling back to 1 default profile: "default"
2026-06-09 23:30:55.457 [restartedMain] INFO  com.zaxxer.hikari.HikariDataSource - HikariPool-10 - Starting...
2026-06-09 23:30:55.471 [restartedMain] INFO  com.zaxxer.hikari.pool.HikariPool - HikariPool-10 - Added connection com.mysql.cj.jdbc.ConnectionImpl@43cf5074
2026-06-09 23:30:55.471 [restartedMain] INFO  com.zaxxer.hikari.HikariDataSource - HikariPool-10 - Start completed.
2026-06-09 23:30:55.953 [restartedMain] INFO  p.JobMatchingAndRecruitmentSystemApplication - Started JobMatchingAndRecruitmentSystemApplication in 0.874 seconds (process running for 1008.235)
2026-06-09 23:30:55.979 [restartedMain] INFO  project.utils.DataSeeding - Tài khoản ADMIN mặc định [admin@gmail.com] đã tồn tại, bỏ qua bước khởi tạo.
2026-06-09 23:34:03.052 [Thread-37] INFO  com.zaxxer.hikari.HikariDataSource - HikariPool-10 - Shutdown initiated...
2026-06-09 23:34:03.056 [Thread-37] INFO  com.zaxxer.hikari.HikariDataSource - HikariPool-10 - Shutdown completed.
2026-06-09 23:34:03.156 [restartedMain] INFO  p.JobMatchingAndRecruitmentSystemApplication - Starting JobMatchingAndRecruitmentSystemApplication using Java 21.0.9 with PID 27752 (D:\HOC_LAP_TRINH\JavaWebService\Job_Matching_and_Recruitment_System\build\classes\java\main started by HUY HOAN in D:\HOC_LAP_TRINH\JavaWebService\Job_Matching_and_Recruitment_System)
2026-06-09 23:34:03.156 [restartedMain] INFO  p.JobMatchingAndRecruitmentSystemApplication - No active profile set, falling back to 1 default profile: "default"
2026-06-09 23:34:03.972 [restartedMain] INFO  com.zaxxer.hikari.HikariDataSource - HikariPool-11 - Starting...
2026-06-09 23:34:03.986 [restartedMain] INFO  com.zaxxer.hikari.pool.HikariPool - HikariPool-11 - Added connection com.mysql.cj.jdbc.ConnectionImpl@6e0e915b
2026-06-09 23:34:03.986 [restartedMain] INFO  com.zaxxer.hikari.HikariDataSource - HikariPool-11 - Start completed.
2026-06-09 23:34:04.551 [restartedMain] INFO  com.zaxxer.hikari.HikariDataSource - HikariPool-11 - Shutdown initiated...
2026-06-09 23:34:04.588 [restartedMain] INFO  com.zaxxer.hikari.HikariDataSource - HikariPool-11 - Shutdown completed.
2026-06-09 23:34:06.140 [restartedMain] INFO  p.JobMatchingAndRecruitmentSystemApplication - Starting JobMatchingAndRecruitmentSystemApplication using Java 21.0.9 with PID 27752 (D:\HOC_LAP_TRINH\JavaWebService\Job_Matching_and_Recruitment_System\build\classes\java\main started by HUY HOAN in D:\HOC_LAP_TRINH\JavaWebService\Job_Matching_and_Recruitment_System)
2026-06-09 23:34:06.141 [restartedMain] INFO  p.JobMatchingAndRecruitmentSystemApplication - No active profile set, falling back to 1 default profile: "default"
2026-06-09 23:34:06.745 [restartedMain] INFO  com.zaxxer.hikari.HikariDataSource - HikariPool-12 - Starting...
2026-06-09 23:34:06.767 [restartedMain] INFO  com.zaxxer.hikari.pool.HikariPool - HikariPool-12 - Added connection com.mysql.cj.jdbc.ConnectionImpl@2b5955d1
2026-06-09 23:34:06.767 [restartedMain] INFO  com.zaxxer.hikari.HikariDataSource - HikariPool-12 - Start completed.
2026-06-09 23:34:07.961 [restartedMain] INFO  p.JobMatchingAndRecruitmentSystemApplication - Started JobMatchingAndRecruitmentSystemApplication in 1.868 seconds (process running for 1200.244)
2026-06-09 23:34:08.028 [restartedMain] INFO  project.utils.DataSeeding - Tài khoản ADMIN mặc định [admin@gmail.com] đã tồn tại, bỏ qua bước khởi tạo.
2026-06-09 23:39:10.336 [http-nio-8080-exec-2] INFO  project.security.jwt.JWTProvider - Chuỗi jwt hết hạn
2026-06-09 23:39:48.100 [http-nio-8080-exec-6] INFO  project.security.jwt.JWTProvider - Chuỗi jwt hết hạn
2026-06-09 23:43:45.378 [SpringApplicationShutdownHook] INFO  com.zaxxer.hikari.HikariDataSource - HikariPool-12 - Shutdown initiated...
2026-06-09 23:43:45.379 [SpringApplicationShutdownHook] INFO  com.zaxxer.hikari.HikariDataSource - HikariPool-12 - Shutdown completed.
