2026-06-08 15:28:58.402 [restartedMain] INFO  p.JobMatchingAndRecruitmentSystemApplication - Starting JobMatchingAndRecruitmentSystemApplication using Java 21.0.9 with PID 16524 (D:\HOC_LAP_TRINH\JavaWebService\Job_Matching_and_Recruitment_System\build\classes\java\main started by HUY HOAN in D:\HOC_LAP_TRINH\JavaWebService\Job_Matching_and_Recruitment_System)
2026-06-08 15:28:58.404 [restartedMain] INFO  p.JobMatchingAndRecruitmentSystemApplication - No active profile set, falling back to 1 default profile: "default"
2026-06-08 15:28:59.964 [restartedMain] INFO  com.zaxxer.hikari.HikariDataSource - HikariPool-1 - Starting...
2026-06-08 15:29:00.719 [restartedMain] INFO  com.zaxxer.hikari.pool.HikariPool - HikariPool-1 - Added connection com.mysql.cj.jdbc.ConnectionImpl@5a98dbb9
2026-06-08 15:29:00.721 [restartedMain] INFO  com.zaxxer.hikari.HikariDataSource - HikariPool-1 - Start completed.
2026-06-08 15:29:01.692 [restartedMain] INFO  p.JobMatchingAndRecruitmentSystemApplication - Started JobMatchingAndRecruitmentSystemApplication in 3.758 seconds (process running for 4.491)
2026-06-08 15:29:05.309 [SpringApplicationShutdownHook] INFO  com.zaxxer.hikari.HikariDataSource - HikariPool-1 - Shutdown initiated...
2026-06-08 15:29:05.315 [SpringApplicationShutdownHook] INFO  com.zaxxer.hikari.HikariDataSource - HikariPool-1 - Shutdown completed.
2026-06-08 20:53:33.707 [restartedMain] INFO  p.JobMatchingAndRecruitmentSystemApplication - Starting JobMatchingAndRecruitmentSystemApplication using Java 21.0.9 with PID 27940 (D:\HOC_LAP_TRINH\JavaWebService\Job_Matching_and_Recruitment_System\build\classes\java\main started by HUY HOAN in D:\HOC_LAP_TRINH\JavaWebService\Job_Matching_and_Recruitment_System)
2026-06-08 20:53:33.710 [restartedMain] INFO  p.JobMatchingAndRecruitmentSystemApplication - No active profile set, falling back to 1 default profile: "default"
2026-06-08 20:53:35.190 [restartedMain] INFO  com.zaxxer.hikari.HikariDataSource - HikariPool-1 - Starting...
2026-06-08 20:53:35.536 [restartedMain] INFO  com.zaxxer.hikari.pool.HikariPool - HikariPool-1 - Added connection com.mysql.cj.jdbc.ConnectionImpl@4e0b0e19
2026-06-08 20:53:35.537 [restartedMain] INFO  com.zaxxer.hikari.HikariDataSource - HikariPool-1 - Start completed.
2026-06-08 20:53:37.758 [restartedMain] INFO  p.JobMatchingAndRecruitmentSystemApplication - Started JobMatchingAndRecruitmentSystemApplication in 4.462 seconds (process running for 5.172)
2026-06-08 20:57:56.185 [Thread-1] INFO  com.zaxxer.hikari.HikariDataSource - HikariPool-1 - Shutdown initiated...
2026-06-08 20:57:56.203 [Thread-1] INFO  com.zaxxer.hikari.HikariDataSource - HikariPool-1 - Shutdown completed.
2026-06-08 20:57:56.354 [restartedMain] INFO  p.JobMatchingAndRecruitmentSystemApplication - Starting JobMatchingAndRecruitmentSystemApplication using Java 21.0.9 with PID 27940 (D:\HOC_LAP_TRINH\JavaWebService\Job_Matching_and_Recruitment_System\build\classes\java\main started by HUY HOAN in D:\HOC_LAP_TRINH\JavaWebService\Job_Matching_and_Recruitment_System)
2026-06-08 20:57:56.354 [restartedMain] INFO  p.JobMatchingAndRecruitmentSystemApplication - No active profile set, falling back to 1 default profile: "default"
2026-06-08 20:57:57.094 [restartedMain] INFO  com.zaxxer.hikari.HikariDataSource - HikariPool-2 - Starting...
2026-06-08 20:57:57.122 [restartedMain] INFO  com.zaxxer.hikari.pool.HikariPool - HikariPool-2 - Added connection com.mysql.cj.jdbc.ConnectionImpl@77eb6ba3
2026-06-08 20:57:57.122 [restartedMain] INFO  com.zaxxer.hikari.HikariDataSource - HikariPool-2 - Start completed.
2026-06-08 20:57:57.838 [restartedMain] INFO  p.JobMatchingAndRecruitmentSystemApplication - Started JobMatchingAndRecruitmentSystemApplication in 1.546 seconds (process running for 265.253)
2026-06-08 20:58:41.180 [Thread-5] INFO  com.zaxxer.hikari.HikariDataSource - HikariPool-2 - Shutdown initiated...
2026-06-08 20:58:41.182 [Thread-5] INFO  com.zaxxer.hikari.HikariDataSource - HikariPool-2 - Shutdown completed.
2026-06-08 20:58:41.230 [restartedMain] INFO  p.JobMatchingAndRecruitmentSystemApplication - Starting JobMatchingAndRecruitmentSystemApplication using Java 21.0.9 with PID 27940 (D:\HOC_LAP_TRINH\JavaWebService\Job_Matching_and_Recruitment_System\build\classes\java\main started by HUY HOAN in D:\HOC_LAP_TRINH\JavaWebService\Job_Matching_and_Recruitment_System)
2026-06-08 20:58:41.230 [restartedMain] INFO  p.JobMatchingAndRecruitmentSystemApplication - No active profile set, falling back to 1 default profile: "default"
2026-06-08 20:58:41.405 [restartedMain] INFO  com.zaxxer.hikari.HikariDataSource - HikariPool-3 - Starting...
2026-06-08 20:58:41.419 [restartedMain] INFO  com.zaxxer.hikari.pool.HikariPool - HikariPool-3 - Added connection com.mysql.cj.jdbc.ConnectionImpl@6b51a675
2026-06-08 20:58:41.420 [restartedMain] INFO  com.zaxxer.hikari.HikariDataSource - HikariPool-3 - Start completed.
2026-06-08 20:58:41.635 [restartedMain] INFO  p.JobMatchingAndRecruitmentSystemApplication - Started JobMatchingAndRecruitmentSystemApplication in 0.422 seconds (process running for 309.05)
2026-06-08 20:58:56.261 [SpringApplicationShutdownHook] INFO  com.zaxxer.hikari.HikariDataSource - HikariPool-3 - Shutdown initiated...
2026-06-08 20:58:56.262 [SpringApplicationShutdownHook] INFO  com.zaxxer.hikari.HikariDataSource - HikariPool-3 - Shutdown completed.
