2026-06-10 10:29:59.969 [restartedMain] INFO  p.JobMatchingAndRecruitmentSystemApplication - Starting JobMatchingAndRecruitmentSystemApplication using Java 21.0.9 with PID 11604 (D:\HOC_LAP_TRINH\JavaWebService\Job_Matching_and_Recruitment_System\build\classes\java\main started by HUY HOAN in D:\HOC_LAP_TRINH\JavaWebService\Job_Matching_and_Recruitment_System)
2026-06-10 10:29:59.971 [restartedMain] INFO  p.JobMatchingAndRecruitmentSystemApplication - No active profile set, falling back to 1 default profile: "default"
2026-06-10 10:30:01.615 [restartedMain] INFO  com.zaxxer.hikari.HikariDataSource - HikariPool-1 - Starting...
2026-06-10 10:30:01.975 [restartedMain] INFO  com.zaxxer.hikari.pool.HikariPool - HikariPool-1 - Added connection com.mysql.cj.jdbc.ConnectionImpl@20d2bc1d
2026-06-10 10:30:01.977 [restartedMain] INFO  com.zaxxer.hikari.HikariDataSource - HikariPool-1 - Start completed.
2026-06-10 10:30:04.806 [restartedMain] INFO  p.JobMatchingAndRecruitmentSystemApplication - Started JobMatchingAndRecruitmentSystemApplication in 5.228 seconds (process running for 5.73)
2026-06-10 10:30:05.327 [restartedMain] INFO  project.utils.DataSeeding - Tài khoản ADMIN mặc định [admin@gmail.com] đã tồn tại, bỏ qua bước khởi tạo.
2026-06-10 10:30:44.187 [http-nio-8080-exec-3] INFO  project.service.impl.UserServiceImpl - User employer1@gmail.com đã đăng xuất thành công và vô hiệu hóa Token.
2026-06-10 10:36:35.964 [Thread-1] INFO  com.zaxxer.hikari.HikariDataSource - HikariPool-1 - Shutdown initiated...
2026-06-10 10:36:35.975 [Thread-1] INFO  com.zaxxer.hikari.HikariDataSource - HikariPool-1 - Shutdown completed.
2026-06-10 10:36:36.100 [restartedMain] INFO  p.JobMatchingAndRecruitmentSystemApplication - Starting JobMatchingAndRecruitmentSystemApplication using Java 21.0.9 with PID 11604 (D:\HOC_LAP_TRINH\JavaWebService\Job_Matching_and_Recruitment_System\build\classes\java\main started by HUY HOAN in D:\HOC_LAP_TRINH\JavaWebService\Job_Matching_and_Recruitment_System)
2026-06-10 10:36:36.100 [restartedMain] INFO  p.JobMatchingAndRecruitmentSystemApplication - No active profile set, falling back to 1 default profile: "default"
2026-06-10 10:36:36.528 [restartedMain] INFO  com.zaxxer.hikari.HikariDataSource - HikariPool-2 - Starting...
2026-06-10 10:36:36.544 [restartedMain] INFO  com.zaxxer.hikari.pool.HikariPool - HikariPool-2 - Added connection com.mysql.cj.jdbc.ConnectionImpl@6d20d74e
2026-06-10 10:36:36.544 [restartedMain] INFO  com.zaxxer.hikari.HikariDataSource - HikariPool-2 - Start completed.
2026-06-10 10:36:37.131 [restartedMain] INFO  p.JobMatchingAndRecruitmentSystemApplication - Started JobMatchingAndRecruitmentSystemApplication in 1.084 seconds (process running for 398.055)
2026-06-10 10:36:37.162 [restartedMain] INFO  project.utils.DataSeeding - Tài khoản ADMIN mặc định [admin@gmail.com] đã tồn tại, bỏ qua bước khởi tạo.
2026-06-10 10:36:38.556 [Thread-5] INFO  com.zaxxer.hikari.HikariDataSource - HikariPool-2 - Shutdown initiated...
2026-06-10 10:36:38.558 [Thread-5] INFO  com.zaxxer.hikari.HikariDataSource - HikariPool-2 - Shutdown completed.
2026-06-10 10:36:38.620 [restartedMain] INFO  p.JobMatchingAndRecruitmentSystemApplication - Starting JobMatchingAndRecruitmentSystemApplication using Java 21.0.9 with PID 11604 (D:\HOC_LAP_TRINH\JavaWebService\Job_Matching_and_Recruitment_System\build\classes\java\main started by HUY HOAN in D:\HOC_LAP_TRINH\JavaWebService\Job_Matching_and_Recruitment_System)
2026-06-10 10:36:38.620 [restartedMain] INFO  p.JobMatchingAndRecruitmentSystemApplication - No active profile set, falling back to 1 default profile: "default"
2026-06-10 10:36:38.912 [restartedMain] INFO  com.zaxxer.hikari.HikariDataSource - HikariPool-3 - Starting...
2026-06-10 10:36:38.921 [restartedMain] INFO  com.zaxxer.hikari.pool.HikariPool - HikariPool-3 - Added connection com.mysql.cj.jdbc.ConnectionImpl@2e3de21d
2026-06-10 10:36:38.923 [restartedMain] INFO  com.zaxxer.hikari.HikariDataSource - HikariPool-3 - Start completed.
2026-06-10 10:36:39.337 [restartedMain] INFO  p.JobMatchingAndRecruitmentSystemApplication - Started JobMatchingAndRecruitmentSystemApplication in 0.737 seconds (process running for 400.262)
2026-06-10 10:36:39.363 [restartedMain] INFO  project.utils.DataSeeding - Tài khoản ADMIN mặc định [admin@gmail.com] đã tồn tại, bỏ qua bước khởi tạo.
2026-06-10 10:37:24.911 [Thread-9] INFO  com.zaxxer.hikari.HikariDataSource - HikariPool-3 - Shutdown initiated...
2026-06-10 10:37:24.918 [Thread-9] INFO  com.zaxxer.hikari.HikariDataSource - HikariPool-3 - Shutdown completed.
2026-06-10 10:37:25.052 [restartedMain] INFO  p.JobMatchingAndRecruitmentSystemApplication - Starting JobMatchingAndRecruitmentSystemApplication using Java 21.0.9 with PID 11604 (D:\HOC_LAP_TRINH\JavaWebService\Job_Matching_and_Recruitment_System\build\classes\java\main started by HUY HOAN in D:\HOC_LAP_TRINH\JavaWebService\Job_Matching_and_Recruitment_System)
2026-06-10 10:37:25.053 [restartedMain] INFO  p.JobMatchingAndRecruitmentSystemApplication - No active profile set, falling back to 1 default profile: "default"
2026-06-10 10:37:26.002 [restartedMain] INFO  com.zaxxer.hikari.HikariDataSource - HikariPool-4 - Starting...
2026-06-10 10:37:26.022 [restartedMain] INFO  com.zaxxer.hikari.pool.HikariPool - HikariPool-4 - Added connection com.mysql.cj.jdbc.ConnectionImpl@47e6c848
2026-06-10 10:37:26.024 [restartedMain] INFO  com.zaxxer.hikari.HikariDataSource - HikariPool-4 - Start completed.
2026-06-10 10:37:27.117 [restartedMain] INFO  p.JobMatchingAndRecruitmentSystemApplication - Started JobMatchingAndRecruitmentSystemApplication in 2.102 seconds (process running for 448.041)
2026-06-10 10:37:27.195 [restartedMain] INFO  project.utils.DataSeeding - Tài khoản ADMIN mặc định [admin@gmail.com] đã tồn tại, bỏ qua bước khởi tạo.
2026-06-10 10:37:28.546 [Thread-13] INFO  com.zaxxer.hikari.HikariDataSource - HikariPool-4 - Shutdown initiated...
2026-06-10 10:37:28.554 [Thread-13] INFO  com.zaxxer.hikari.HikariDataSource - HikariPool-4 - Shutdown completed.
2026-06-10 10:37:28.672 [restartedMain] INFO  p.JobMatchingAndRecruitmentSystemApplication - Starting JobMatchingAndRecruitmentSystemApplication using Java 21.0.9 with PID 11604 (D:\HOC_LAP_TRINH\JavaWebService\Job_Matching_and_Recruitment_System\build\classes\java\main started by HUY HOAN in D:\HOC_LAP_TRINH\JavaWebService\Job_Matching_and_Recruitment_System)
2026-06-10 10:37:28.672 [restartedMain] INFO  p.JobMatchingAndRecruitmentSystemApplication - No active profile set, falling back to 1 default profile: "default"
2026-06-10 10:37:29.385 [restartedMain] INFO  com.zaxxer.hikari.HikariDataSource - HikariPool-5 - Starting...
2026-06-10 10:37:29.403 [restartedMain] INFO  com.zaxxer.hikari.pool.HikariPool - HikariPool-5 - Added connection com.mysql.cj.jdbc.ConnectionImpl@46312514
2026-06-10 10:37:29.404 [restartedMain] INFO  com.zaxxer.hikari.HikariDataSource - HikariPool-5 - Start completed.
2026-06-10 10:37:30.542 [restartedMain] INFO  p.JobMatchingAndRecruitmentSystemApplication - Started JobMatchingAndRecruitmentSystemApplication in 1.91 seconds (process running for 451.466)
2026-06-10 10:37:30.601 [restartedMain] INFO  project.utils.DataSeeding - Tài khoản ADMIN mặc định [admin@gmail.com] đã tồn tại, bỏ qua bước khởi tạo.
2026-06-10 10:37:54.559 [Thread-17] INFO  com.zaxxer.hikari.HikariDataSource - HikariPool-5 - Shutdown initiated...
2026-06-10 10:37:54.564 [Thread-17] INFO  com.zaxxer.hikari.HikariDataSource - HikariPool-5 - Shutdown completed.
2026-06-10 10:37:54.704 [restartedMain] INFO  p.JobMatchingAndRecruitmentSystemApplication - Starting JobMatchingAndRecruitmentSystemApplication using Java 21.0.9 with PID 11604 (D:\HOC_LAP_TRINH\JavaWebService\Job_Matching_and_Recruitment_System\build\classes\java\main started by HUY HOAN in D:\HOC_LAP_TRINH\JavaWebService\Job_Matching_and_Recruitment_System)
2026-06-10 10:37:54.704 [restartedMain] INFO  p.JobMatchingAndRecruitmentSystemApplication - No active profile set, falling back to 1 default profile: "default"
2026-06-10 10:37:55.674 [restartedMain] INFO  com.zaxxer.hikari.HikariDataSource - HikariPool-6 - Starting...
2026-06-10 10:37:55.697 [restartedMain] INFO  com.zaxxer.hikari.pool.HikariPool - HikariPool-6 - Added connection com.mysql.cj.jdbc.ConnectionImpl@3bac7277
2026-06-10 10:37:55.697 [restartedMain] INFO  com.zaxxer.hikari.HikariDataSource - HikariPool-6 - Start completed.
2026-06-10 10:37:56.820 [restartedMain] INFO  p.JobMatchingAndRecruitmentSystemApplication - Started JobMatchingAndRecruitmentSystemApplication in 2.161 seconds (process running for 477.744)
2026-06-10 10:37:56.886 [restartedMain] INFO  project.utils.DataSeeding - Tài khoản ADMIN mặc định [admin@gmail.com] đã tồn tại, bỏ qua bước khởi tạo.
2026-06-10 10:37:58.246 [Thread-21] INFO  com.zaxxer.hikari.HikariDataSource - HikariPool-6 - Shutdown initiated...
2026-06-10 10:37:58.254 [Thread-21] INFO  com.zaxxer.hikari.HikariDataSource - HikariPool-6 - Shutdown completed.
2026-06-10 10:37:58.384 [restartedMain] INFO  p.JobMatchingAndRecruitmentSystemApplication - Starting JobMatchingAndRecruitmentSystemApplication using Java 21.0.9 with PID 11604 (D:\HOC_LAP_TRINH\JavaWebService\Job_Matching_and_Recruitment_System\build\classes\java\main started by HUY HOAN in D:\HOC_LAP_TRINH\JavaWebService\Job_Matching_and_Recruitment_System)
2026-06-10 10:37:58.384 [restartedMain] INFO  p.JobMatchingAndRecruitmentSystemApplication - No active profile set, falling back to 1 default profile: "default"
2026-06-10 10:37:59.116 [restartedMain] INFO  com.zaxxer.hikari.HikariDataSource - HikariPool-7 - Starting...
2026-06-10 10:37:59.137 [restartedMain] INFO  com.zaxxer.hikari.pool.HikariPool - HikariPool-7 - Added connection com.mysql.cj.jdbc.ConnectionImpl@55e4efd5
2026-06-10 10:37:59.138 [restartedMain] INFO  com.zaxxer.hikari.HikariDataSource - HikariPool-7 - Start completed.
2026-06-10 10:38:00.293 [restartedMain] INFO  p.JobMatchingAndRecruitmentSystemApplication - Started JobMatchingAndRecruitmentSystemApplication in 1.955 seconds (process running for 481.216)
2026-06-10 10:38:00.346 [restartedMain] INFO  project.utils.DataSeeding - Tài khoản ADMIN mặc định [admin@gmail.com] đã tồn tại, bỏ qua bước khởi tạo.
2026-06-10 10:38:13.901 [Thread-25] INFO  com.zaxxer.hikari.HikariDataSource - HikariPool-7 - Shutdown initiated...
2026-06-10 10:38:13.904 [Thread-25] INFO  com.zaxxer.hikari.HikariDataSource - HikariPool-7 - Shutdown completed.
2026-06-10 10:38:13.963 [restartedMain] INFO  p.JobMatchingAndRecruitmentSystemApplication - Starting JobMatchingAndRecruitmentSystemApplication using Java 21.0.9 with PID 11604 (D:\HOC_LAP_TRINH\JavaWebService\Job_Matching_and_Recruitment_System\build\classes\java\main started by HUY HOAN in D:\HOC_LAP_TRINH\JavaWebService\Job_Matching_and_Recruitment_System)
2026-06-10 10:38:13.963 [restartedMain] INFO  p.JobMatchingAndRecruitmentSystemApplication - No active profile set, falling back to 1 default profile: "default"
2026-06-10 10:38:14.182 [restartedMain] INFO  com.zaxxer.hikari.HikariDataSource - HikariPool-8 - Starting...
2026-06-10 10:38:14.191 [restartedMain] INFO  com.zaxxer.hikari.pool.HikariPool - HikariPool-8 - Added connection com.mysql.cj.jdbc.ConnectionImpl@e9d89d2
2026-06-10 10:38:14.191 [restartedMain] INFO  com.zaxxer.hikari.HikariDataSource - HikariPool-8 - Start completed.
2026-06-10 10:38:14.665 [restartedMain] INFO  p.JobMatchingAndRecruitmentSystemApplication - Started JobMatchingAndRecruitmentSystemApplication in 0.72 seconds (process running for 495.59)
2026-06-10 10:38:14.696 [restartedMain] INFO  project.utils.DataSeeding - Tài khoản ADMIN mặc định [admin@gmail.com] đã tồn tại, bỏ qua bước khởi tạo.
2026-06-10 10:39:49.316 [Thread-29] INFO  com.zaxxer.hikari.HikariDataSource - HikariPool-8 - Shutdown initiated...
2026-06-10 10:39:49.320 [Thread-29] INFO  com.zaxxer.hikari.HikariDataSource - HikariPool-8 - Shutdown completed.
2026-06-10 10:39:49.394 [restartedMain] INFO  p.JobMatchingAndRecruitmentSystemApplication - Starting JobMatchingAndRecruitmentSystemApplication using Java 21.0.9 with PID 11604 (D:\HOC_LAP_TRINH\JavaWebService\Job_Matching_and_Recruitment_System\build\classes\java\main started by HUY HOAN in D:\HOC_LAP_TRINH\JavaWebService\Job_Matching_and_Recruitment_System)
2026-06-10 10:39:49.394 [restartedMain] INFO  p.JobMatchingAndRecruitmentSystemApplication - No active profile set, falling back to 1 default profile: "default"
2026-06-10 10:39:49.733 [restartedMain] INFO  com.zaxxer.hikari.HikariDataSource - HikariPool-9 - Starting...
2026-06-10 10:39:49.746 [restartedMain] INFO  com.zaxxer.hikari.pool.HikariPool - HikariPool-9 - Added connection com.mysql.cj.jdbc.ConnectionImpl@2914a4aa
2026-06-10 10:39:49.746 [restartedMain] INFO  com.zaxxer.hikari.HikariDataSource - HikariPool-9 - Start completed.
2026-06-10 10:39:50.166 [restartedMain] INFO  p.JobMatchingAndRecruitmentSystemApplication - Started JobMatchingAndRecruitmentSystemApplication in 0.801 seconds (process running for 591.09)
2026-06-10 10:39:50.193 [restartedMain] INFO  project.utils.DataSeeding - Tài khoản ADMIN mặc định [admin@gmail.com] đã tồn tại, bỏ qua bước khởi tạo.
2026-06-10 10:40:47.867 [http-nio-8080-exec-3] INFO  project.service.impl.UserServiceImpl - Tài khoản đã bị khóa không thể đăng nhập !
2026-06-10 10:41:33.165 [http-nio-8080-exec-6] INFO  project.service.impl.UserServiceImpl - Tài khoản đã bị khóa không thể đăng nhập !
2026-06-10 10:41:33.542 [Thread-33] INFO  com.zaxxer.hikari.HikariDataSource - HikariPool-9 - Shutdown initiated...
2026-06-10 10:41:33.544 [Thread-33] INFO  com.zaxxer.hikari.HikariDataSource - HikariPool-9 - Shutdown completed.
2026-06-10 10:41:33.610 [restartedMain] INFO  p.JobMatchingAndRecruitmentSystemApplication - Starting JobMatchingAndRecruitmentSystemApplication using Java 21.0.9 with PID 11604 (D:\HOC_LAP_TRINH\JavaWebService\Job_Matching_and_Recruitment_System\build\classes\java\main started by HUY HOAN in D:\HOC_LAP_TRINH\JavaWebService\Job_Matching_and_Recruitment_System)
2026-06-10 10:41:33.610 [restartedMain] INFO  p.JobMatchingAndRecruitmentSystemApplication - No active profile set, falling back to 1 default profile: "default"
2026-06-10 10:41:33.828 [restartedMain] INFO  com.zaxxer.hikari.HikariDataSource - HikariPool-10 - Starting...
2026-06-10 10:41:33.839 [restartedMain] INFO  com.zaxxer.hikari.pool.HikariPool - HikariPool-10 - Added connection com.mysql.cj.jdbc.ConnectionImpl@62ce62cc
2026-06-10 10:41:33.840 [restartedMain] INFO  com.zaxxer.hikari.HikariDataSource - HikariPool-10 - Start completed.
2026-06-10 10:41:34.205 [restartedMain] INFO  p.JobMatchingAndRecruitmentSystemApplication - Started JobMatchingAndRecruitmentSystemApplication in 0.613 seconds (process running for 695.129)
2026-06-10 10:41:34.237 [restartedMain] INFO  project.utils.DataSeeding - Tài khoản ADMIN mặc định [admin@gmail.com] đã tồn tại, bỏ qua bước khởi tạo.
2026-06-10 10:41:34.592 [http-nio-8080-exec-3] INFO  project.service.impl.UserServiceImpl - Tài khoản đã bị khóa không thể đăng nhập !
2026-06-10 10:41:38.891 [SpringApplicationShutdownHook] INFO  com.zaxxer.hikari.HikariDataSource - HikariPool-10 - Shutdown initiated...
2026-06-10 10:41:38.892 [SpringApplicationShutdownHook] INFO  com.zaxxer.hikari.HikariDataSource - HikariPool-10 - Shutdown completed.
2026-06-10 11:00:17.642 [restartedMain] INFO  p.JobMatchingAndRecruitmentSystemApplication - Starting JobMatchingAndRecruitmentSystemApplication using Java 21.0.9 with PID 13468 (D:\HOC_LAP_TRINH\JavaWebService\Job_Matching_and_Recruitment_System\build\classes\java\main started by HUY HOAN in D:\HOC_LAP_TRINH\JavaWebService\Job_Matching_and_Recruitment_System)
2026-06-10 11:00:17.644 [restartedMain] INFO  p.JobMatchingAndRecruitmentSystemApplication - No active profile set, falling back to 1 default profile: "default"
2026-06-10 11:00:19.083 [restartedMain] INFO  com.zaxxer.hikari.HikariDataSource - HikariPool-1 - Starting...
2026-06-10 11:00:19.346 [restartedMain] INFO  com.zaxxer.hikari.pool.HikariPool - HikariPool-1 - Added connection com.mysql.cj.jdbc.ConnectionImpl@22c53a06
2026-06-10 11:00:19.348 [restartedMain] INFO  com.zaxxer.hikari.HikariDataSource - HikariPool-1 - Start completed.
2026-06-10 11:00:21.030 [restartedMain] INFO  p.JobMatchingAndRecruitmentSystemApplication - Started JobMatchingAndRecruitmentSystemApplication in 3.708 seconds (process running for 4.154)
2026-06-10 11:00:21.405 [restartedMain] INFO  project.utils.DataSeeding - Tài khoản ADMIN mặc định [admin@gmail.com] đã tồn tại, bỏ qua bước khởi tạo.
2026-06-10 11:00:24.715 [http-nio-8080-exec-1] INFO  project.service.impl.UserServiceImpl - Tài khoản đã bị khóa không thể đăng nhập !
2026-06-10 11:05:27.229 [Thread-1] INFO  com.zaxxer.hikari.HikariDataSource - HikariPool-1 - Shutdown initiated...
2026-06-10 11:05:27.239 [Thread-1] INFO  com.zaxxer.hikari.HikariDataSource - HikariPool-1 - Shutdown completed.
2026-06-10 11:05:27.342 [restartedMain] INFO  p.JobMatchingAndRecruitmentSystemApplication - Starting JobMatchingAndRecruitmentSystemApplication using Java 21.0.9 with PID 13468 (D:\HOC_LAP_TRINH\JavaWebService\Job_Matching_and_Recruitment_System\build\classes\java\main started by HUY HOAN in D:\HOC_LAP_TRINH\JavaWebService\Job_Matching_and_Recruitment_System)
2026-06-10 11:05:27.343 [restartedMain] INFO  p.JobMatchingAndRecruitmentSystemApplication - No active profile set, falling back to 1 default profile: "default"
2026-06-10 11:05:27.731 [restartedMain] INFO  com.zaxxer.hikari.HikariDataSource - HikariPool-2 - Starting...
2026-06-10 11:05:27.746 [restartedMain] INFO  com.zaxxer.hikari.pool.HikariPool - HikariPool-2 - Added connection com.mysql.cj.jdbc.ConnectionImpl@3e2cf9d2
2026-06-10 11:05:27.746 [restartedMain] INFO  com.zaxxer.hikari.HikariDataSource - HikariPool-2 - Start completed.
2026-06-10 11:05:28.337 [restartedMain] INFO  p.JobMatchingAndRecruitmentSystemApplication - Started JobMatchingAndRecruitmentSystemApplication in 1.035 seconds (process running for 311.461)
2026-06-10 11:05:28.366 [restartedMain] INFO  project.utils.DataSeeding - Tài khoản ADMIN mặc định [admin@gmail.com] đã tồn tại, bỏ qua bước khởi tạo.
2026-06-10 11:05:29.734 [Thread-5] INFO  com.zaxxer.hikari.HikariDataSource - HikariPool-2 - Shutdown initiated...
2026-06-10 11:05:29.737 [Thread-5] INFO  com.zaxxer.hikari.HikariDataSource - HikariPool-2 - Shutdown completed.
2026-06-10 11:05:29.798 [restartedMain] INFO  p.JobMatchingAndRecruitmentSystemApplication - Starting JobMatchingAndRecruitmentSystemApplication using Java 21.0.9 with PID 13468 (D:\HOC_LAP_TRINH\JavaWebService\Job_Matching_and_Recruitment_System\build\classes\java\main started by HUY HOAN in D:\HOC_LAP_TRINH\JavaWebService\Job_Matching_and_Recruitment_System)
2026-06-10 11:05:29.798 [restartedMain] INFO  p.JobMatchingAndRecruitmentSystemApplication - No active profile set, falling back to 1 default profile: "default"
2026-06-10 11:05:30.103 [restartedMain] INFO  com.zaxxer.hikari.HikariDataSource - HikariPool-3 - Starting...
2026-06-10 11:05:30.114 [restartedMain] INFO  com.zaxxer.hikari.pool.HikariPool - HikariPool-3 - Added connection com.mysql.cj.jdbc.ConnectionImpl@66f872a
2026-06-10 11:05:30.114 [restartedMain] INFO  com.zaxxer.hikari.HikariDataSource - HikariPool-3 - Start completed.
2026-06-10 11:05:30.736 [restartedMain] INFO  p.JobMatchingAndRecruitmentSystemApplication - Started JobMatchingAndRecruitmentSystemApplication in 0.957 seconds (process running for 313.86)
2026-06-10 11:05:30.774 [restartedMain] INFO  project.utils.DataSeeding - Tài khoản ADMIN mặc định [admin@gmail.com] đã tồn tại, bỏ qua bước khởi tạo.
2026-06-10 11:07:14.654 [Thread-9] INFO  com.zaxxer.hikari.HikariDataSource - HikariPool-3 - Shutdown initiated...
2026-06-10 11:07:14.656 [Thread-9] INFO  com.zaxxer.hikari.HikariDataSource - HikariPool-3 - Shutdown completed.
2026-06-10 11:07:14.715 [restartedMain] INFO  p.JobMatchingAndRecruitmentSystemApplication - Starting JobMatchingAndRecruitmentSystemApplication using Java 21.0.9 with PID 13468 (D:\HOC_LAP_TRINH\JavaWebService\Job_Matching_and_Recruitment_System\build\classes\java\main started by HUY HOAN in D:\HOC_LAP_TRINH\JavaWebService\Job_Matching_and_Recruitment_System)
2026-06-10 11:07:14.715 [restartedMain] INFO  p.JobMatchingAndRecruitmentSystemApplication - No active profile set, falling back to 1 default profile: "default"
2026-06-10 11:07:14.966 [restartedMain] INFO  com.zaxxer.hikari.HikariDataSource - HikariPool-4 - Starting...
2026-06-10 11:07:14.975 [restartedMain] INFO  com.zaxxer.hikari.pool.HikariPool - HikariPool-4 - Added connection com.mysql.cj.jdbc.ConnectionImpl@21933797
2026-06-10 11:07:14.976 [restartedMain] INFO  com.zaxxer.hikari.HikariDataSource - HikariPool-4 - Start completed.
2026-06-10 11:07:15.371 [restartedMain] INFO  p.JobMatchingAndRecruitmentSystemApplication - Started JobMatchingAndRecruitmentSystemApplication in 0.675 seconds (process running for 418.495)
2026-06-10 11:07:15.394 [restartedMain] INFO  project.utils.DataSeeding - Tài khoản ADMIN mặc định [admin@gmail.com] đã tồn tại, bỏ qua bước khởi tạo.
2026-06-10 11:07:16.797 [Thread-13] INFO  com.zaxxer.hikari.HikariDataSource - HikariPool-4 - Shutdown initiated...
2026-06-10 11:07:16.800 [Thread-13] INFO  com.zaxxer.hikari.HikariDataSource - HikariPool-4 - Shutdown completed.
2026-06-10 11:07:16.882 [restartedMain] INFO  p.JobMatchingAndRecruitmentSystemApplication - Starting JobMatchingAndRecruitmentSystemApplication using Java 21.0.9 with PID 13468 (D:\HOC_LAP_TRINH\JavaWebService\Job_Matching_and_Recruitment_System\build\classes\java\main started by HUY HOAN in D:\HOC_LAP_TRINH\JavaWebService\Job_Matching_and_Recruitment_System)
2026-06-10 11:07:16.882 [restartedMain] INFO  p.JobMatchingAndRecruitmentSystemApplication - No active profile set, falling back to 1 default profile: "default"
2026-06-10 11:07:17.209 [restartedMain] INFO  com.zaxxer.hikari.HikariDataSource - HikariPool-5 - Starting...
2026-06-10 11:07:17.218 [restartedMain] INFO  com.zaxxer.hikari.pool.HikariPool - HikariPool-5 - Added connection com.mysql.cj.jdbc.ConnectionImpl@40e46b3b
2026-06-10 11:07:17.218 [restartedMain] INFO  com.zaxxer.hikari.HikariDataSource - HikariPool-5 - Start completed.
2026-06-10 11:07:17.580 [restartedMain] INFO  p.JobMatchingAndRecruitmentSystemApplication - Started JobMatchingAndRecruitmentSystemApplication in 0.729 seconds (process running for 420.704)
2026-06-10 11:07:17.601 [restartedMain] INFO  project.utils.DataSeeding - Tài khoản ADMIN mặc định [admin@gmail.com] đã tồn tại, bỏ qua bước khởi tạo.
2026-06-10 11:08:21.449 [Thread-17] INFO  com.zaxxer.hikari.HikariDataSource - HikariPool-5 - Shutdown initiated...
2026-06-10 11:08:21.451 [Thread-17] INFO  com.zaxxer.hikari.HikariDataSource - HikariPool-5 - Shutdown completed.
2026-06-10 11:08:21.508 [restartedMain] INFO  p.JobMatchingAndRecruitmentSystemApplication - Starting JobMatchingAndRecruitmentSystemApplication using Java 21.0.9 with PID 13468 (D:\HOC_LAP_TRINH\JavaWebService\Job_Matching_and_Recruitment_System\build\classes\java\main started by HUY HOAN in D:\HOC_LAP_TRINH\JavaWebService\Job_Matching_and_Recruitment_System)
2026-06-10 11:08:21.508 [restartedMain] INFO  p.JobMatchingAndRecruitmentSystemApplication - No active profile set, falling back to 1 default profile: "default"
2026-06-10 11:08:21.748 [restartedMain] INFO  com.zaxxer.hikari.HikariDataSource - HikariPool-6 - Starting...
2026-06-10 11:08:21.761 [restartedMain] INFO  com.zaxxer.hikari.pool.HikariPool - HikariPool-6 - Added connection com.mysql.cj.jdbc.ConnectionImpl@40711332
2026-06-10 11:08:21.762 [restartedMain] INFO  com.zaxxer.hikari.HikariDataSource - HikariPool-6 - Start completed.
2026-06-10 11:08:22.321 [restartedMain] INFO  p.JobMatchingAndRecruitmentSystemApplication - Started JobMatchingAndRecruitmentSystemApplication in 0.832 seconds (process running for 485.445)
2026-06-10 11:08:22.362 [restartedMain] INFO  project.utils.DataSeeding - Tài khoản ADMIN mặc định [admin@gmail.com] đã tồn tại, bỏ qua bước khởi tạo.
2026-06-10 11:08:26.222 [http-nio-8080-exec-3] INFO  project.service.impl.JobPostingServiceImpl - Tin này đã được duyệt từ trước rồi !
2026-06-10 11:08:30.800 [SpringApplicationShutdownHook] INFO  com.zaxxer.hikari.HikariDataSource - HikariPool-6 - Shutdown initiated...
2026-06-10 11:08:30.802 [SpringApplicationShutdownHook] INFO  com.zaxxer.hikari.HikariDataSource - HikariPool-6 - Shutdown completed.
